<?xml version="1.0" encoding="UTF-8"?>
<testsuite xmlns:xsi="http://www.w3.org/2001/XMLSchema-instance" xsi:noNamespaceSchemaLocation="https://maven.apache.org/surefire/maven-surefire-plugin/xsd/surefire-test-report.xsd" name="TestSuite" time="0.655" tests="21" errors="0" skipped="0" failures="0">
  <properties>
    <property name="java.specification.version" value="17"/>
    <property name="sun.cpu.isalist" value="amd64"/>
    <property name="sun.jnu.encoding" value="Cp1252"/>
    <property name="java.class.path" value="C:\Users\smoki\Desktop\cosas\cosas\cosas\4ª\lab\Practica-7-Lab\target\test-classes;C:\Users\smoki\Desktop\cosas\cosas\cosas\4ª\lab\Practica-7-Lab\target\classes;C:\Users\smoki\.m2\repository\org\junit\jupiter\junit-jupiter-api\5.6.0\junit-jupiter-api-5.6.0.jar;C:\Users\smoki\.m2\repository\org\apiguardian\apiguardian-api\1.1.0\apiguardian-api-1.1.0.jar;C:\Users\smoki\.m2\repository\org\opentest4j\opentest4j\1.2.0\opentest4j-1.2.0.jar;C:\Users\smoki\.m2\repository\org\junit\platform\junit-platform-commons\1.6.0\junit-platform-commons-1.6.0.jar;C:\Users\smoki\.m2\repository\org\junit\jupiter\junit-jupiter-engine\5.6.0\junit-jupiter-engine-5.6.0.jar;C:\Users\smoki\.m2\repository\org\junit\platform\junit-platform-engine\1.6.0\junit-platform-engine-1.6.0.jar;C:\Users\smoki\.m2\repository\org\testng\testng\7.10.2\testng-7.10.2.jar;C:\Users\smoki\.m2\repository\org\slf4j\slf4j-api\1.7.36\slf4j-api-1.7.36.jar;C:\Users\smoki\.m2\repository\com\beust\jcommander\1.82\jcommander-1.82.jar;C:\Users\smoki\.m2\repository\org\webjars\jquery\3.7.1\jquery-3.7.1.jar;C:\Users\smoki\.m2\repository\junit\junit\4.13.1\junit-4.13.1.jar;C:\Users\smoki\.m2\repository\org\hamcrest\hamcrest-core\1.3\hamcrest-core-1.3.jar;C:\Users\smoki\.m2\repository\org\jacoco\jacoco-maven-plugin\0.8.8\jacoco-maven-plugin-0.8.8.jar;C:\Users\smoki\.m2\repository\org\codehaus\plexus\plexus-utils\3.0.22\plexus-utils-3.0.22.jar;C:\Users\smoki\.m2\repository\org\apache\maven\shared\file-management\1.2.1\file-management-1.2.1.jar;C:\Users\smoki\.m2\repository\org\apache\maven\maven-plugin-api\2.0.6\maven-plugin-api-2.0.6.jar;C:\Users\smoki\.m2\repository\org\apache\maven\shared\maven-shared-io\1.1\maven-shared-io-1.1.jar;C:\Users\smoki\.m2\repository\org\apache\maven\maven-artifact-manager\2.0.2\maven-artifact-manager-2.0.2.jar;C:\Users\smoki\.m2\repository\org\codehaus\plexus\plexus-container-default\1.0-alpha-9\plexus-container-default-1.0-alpha-9.jar;C:\Users\smoki\.m2\repository\classworlds\classworlds\1.1-alpha-2\classworlds-1.1-alpha-2.jar;C:\Users\smoki\.m2\repository\org\apache\maven\reporting\maven-reporting-api\3.0\maven-reporting-api-3.0.jar;C:\Users\smoki\.m2\repository\org\apache\maven\doxia\doxia-sink-api\1.0\doxia-sink-api-1.0.jar;C:\Users\smoki\.m2\repository\org\jacoco\org.jacoco.agent\0.8.8\org.jacoco.agent-0.8.8-runtime.jar;C:\Users\smoki\.m2\repository\org\jacoco\org.jacoco.core\0.8.8\org.jacoco.core-0.8.8.jar;C:\Users\smoki\.m2\repository\org\ow2\asm\asm\9.2\asm-9.2.jar;C:\Users\smoki\.m2\repository\org\ow2\asm\asm-commons\9.2\asm-commons-9.2.jar;C:\Users\smoki\.m2\repository\org\ow2\asm\asm-analysis\9.2\asm-analysis-9.2.jar;C:\Users\smoki\.m2\repository\org\ow2\asm\asm-tree\9.2\asm-tree-9.2.jar;C:\Users\smoki\.m2\repository\org\jacoco\org.jacoco.report\0.8.8\org.jacoco.report-0.8.8.jar;C:\Users\smoki\.m2\repository\org\kuali\maven\plugins\graph-maven-plugin\1.2.3\graph-maven-plugin-1.2.3.jar;C:\Users\smoki\.m2\repository\commons-beanutils\commons-beanutils\1.8.3\commons-beanutils-1.8.3.jar;C:\Users\smoki\.m2\repository\commons-io\commons-io\2.1\commons-io-2.1.jar;C:\Users\smoki\.m2\repository\net\sourceforge\collections\collections-generic\4.01\collections-generic-4.01.jar;C:\Users\smoki\.m2\repository\org\springframework\spring-core\3.1.0.RELEASE\spring-core-3.1.0.RELEASE.jar;C:\Users\smoki\.m2\repository\org\springframework\spring-asm\3.1.0.RELEASE\spring-asm-3.1.0.RELEASE.jar;C:\Users\smoki\.m2\repository\org\apache\maven\maven-compat\3.0.3\maven-compat-3.0.3.jar;C:\Users\smoki\.m2\repository\org\apache\maven\maven-model\3.0.3\maven-model-3.0.3.jar;C:\Users\smoki\.m2\repository\org\apache\maven\maven-model-builder\3.0.3\maven-model-builder-3.0.3.jar;C:\Users\smoki\.m2\repository\org\apache\maven\maven-settings\3.0.3\maven-settings-3.0.3.jar;C:\Users\smoki\.m2\repository\org\apache\maven\maven-artifact\3.0.3\maven-artifact-3.0.3.jar;C:\Users\smoki\.m2\repository\org\apache\maven\maven-core\3.0.3\maven-core-3.0.3.jar;C:\Users\smoki\.m2\repository\org\apache\maven\maven-settings-builder\3.0.3\maven-settings-builder-3.0.3.jar;C:\Users\smoki\.m2\repository\org\apache\maven\maven-repository-metadata\3.0.3\maven-repository-metadata-3.0.3.jar;C:\Users\smoki\.m2\repository\org\apache\maven\maven-aether-provider\3.0.3\maven-aether-provider-3.0.3.jar;C:\Users\smoki\.m2\repository\org\sonatype\aether\aether-spi\1.11\aether-spi-1.11.jar;C:\Users\smoki\.m2\repository\org\sonatype\aether\aether-impl\1.11\aether-impl-1.11.jar;C:\Users\smoki\.m2\repository\org\sonatype\aether\aether-api\1.11\aether-api-1.11.jar;C:\Users\smoki\.m2\repository\org\sonatype\aether\aether-util\1.11\aether-util-1.11.jar;C:\Users\smoki\.m2\repository\org\codehaus\plexus\plexus-classworlds\2.4\plexus-classworlds-2.4.jar;C:\Users\smoki\.m2\repository\org\sonatype\plexus\plexus-sec-dispatcher\1.3\plexus-sec-dispatcher-1.3.jar;C:\Users\smoki\.m2\repository\org\sonatype\plexus\plexus-cipher\1.4\plexus-cipher-1.4.jar;C:\Users\smoki\.m2\repository\org\codehaus\plexus\plexus-interpolation\1.14\plexus-interpolation-1.14.jar;C:\Users\smoki\.m2\repository\org\sonatype\sisu\sisu-inject-plexus\2.1.1\sisu-inject-plexus-2.1.1.jar;C:\Users\smoki\.m2\repository\org\sonatype\sisu\sisu-inject-bean\2.1.1\sisu-inject-bean-2.1.1.jar;C:\Users\smoki\.m2\repository\org\sonatype\sisu\sisu-guice\2.9.4\sisu-guice-2.9.4-no_aop.jar;C:\Users\smoki\.m2\repository\org\codehaus\plexus\plexus-component-annotations\1.5.5\plexus-component-annotations-1.5.5.jar;C:\Users\smoki\.m2\repository\org\apache\maven\wagon\wagon-provider-api\1.0-beta-7\wagon-provider-api-1.0-beta-7.jar;C:\Users\smoki\.m2\repository\org\apache\maven\shared\maven-dependency-tree\1.2\maven-dependency-tree-1.2.jar;C:\Users\smoki\.m2\repository\org\apache\maven\maven-project\2.0.8\maven-project-2.0.8.jar;C:\Users\smoki\.m2\repository\org\apache\maven\maven-profile\2.0.8\maven-profile-2.0.8.jar;C:\Users\smoki\.m2\repository\org\apache\maven\maven-plugin-registry\2.0.8\maven-plugin-registry-2.0.8.jar;C:\Users\smoki\.m2\repository\org\slf4j\jcl-over-slf4j\1.6.4\jcl-over-slf4j-1.6.4.jar;C:\Users\smoki\.m2\repository\org\slf4j\slf4j-log4j12\1.6.4\slf4j-log4j12-1.6.4.jar;C:\Users\smoki\.m2\repository\log4j\log4j\1.2.16\log4j-1.2.16.jar;"/>
    <property name="java.vm.vendor" value="Oracle Corporation"/>
    <property name="sun.arch.data.model" value="64"/>
    <property name="user.variant" value=""/>
    <property name="java.vendor.url" value="https://java.oracle.com/"/>
    <property name="user.timezone" value="Atlantic/Canary"/>
    <property name="os.name" value="Windows 11"/>
    <property name="java.vm.specification.version" value="17"/>
    <property name="sun.java.launcher" value="SUN_STANDARD"/>
    <property name="user.country" value="ES"/>
    <property name="sun.boot.library.path" value="C:\jdk-17.0.2\bin"/>
    <property name="sun.java.command" value="C:\Users\smoki\AppData\Local\Temp\surefire2379665457230899840\surefirebooter1809908571530873160.jar C:\Users\smoki\AppData\Local\Temp\surefire2379665457230899840 2024-12-10T21-14-31_527-jvmRun1 surefire395433193658605373tmp surefire_09035871432122365653tmp"/>
    <property name="jdk.debug" value="release"/>
    <property name="surefire.test.class.path" value="C:\Users\smoki\Desktop\cosas\cosas\cosas\4ª\lab\Practica-7-Lab\target\test-classes;C:\Users\smoki\Desktop\cosas\cosas\cosas\4ª\lab\Practica-7-Lab\target\classes;C:\Users\smoki\.m2\repository\org\junit\jupiter\junit-jupiter-api\5.6.0\junit-jupiter-api-5.6.0.jar;C:\Users\smoki\.m2\repository\org\apiguardian\apiguardian-api\1.1.0\apiguardian-api-1.1.0.jar;C:\Users\smoki\.m2\repository\org\opentest4j\opentest4j\1.2.0\opentest4j-1.2.0.jar;C:\Users\smoki\.m2\repository\org\junit\platform\junit-platform-commons\1.6.0\junit-platform-commons-1.6.0.jar;C:\Users\smoki\.m2\repository\org\junit\jupiter\junit-jupiter-engine\5.6.0\junit-jupiter-engine-5.6.0.jar;C:\Users\smoki\.m2\repository\org\junit\platform\junit-platform-engine\1.6.0\junit-platform-engine-1.6.0.jar;C:\Users\smoki\.m2\repository\org\testng\testng\7.10.2\testng-7.10.2.jar;C:\Users\smoki\.m2\repository\org\slf4j\slf4j-api\1.7.36\slf4j-api-1.7.36.jar;C:\Users\smoki\.m2\repository\com\beust\jcommander\1.82\jcommander-1.82.jar;C:\Users\smoki\.m2\repository\org\webjars\jquery\3.7.1\jquery-3.7.1.jar;C:\Users\smoki\.m2\repository\junit\junit\4.13.1\junit-4.13.1.jar;C:\Users\smoki\.m2\repository\org\hamcrest\hamcrest-core\1.3\hamcrest-core-1.3.jar;C:\Users\smoki\.m2\repository\org\jacoco\jacoco-maven-plugin\0.8.8\jacoco-maven-plugin-0.8.8.jar;C:\Users\smoki\.m2\repository\org\codehaus\plexus\plexus-utils\3.0.22\plexus-utils-3.0.22.jar;C:\Users\smoki\.m2\repository\org\apache\maven\shared\file-management\1.2.1\file-management-1.2.1.jar;C:\Users\smoki\.m2\repository\org\apache\maven\maven-plugin-api\2.0.6\maven-plugin-api-2.0.6.jar;C:\Users\smoki\.m2\repository\org\apache\maven\shared\maven-shared-io\1.1\maven-shared-io-1.1.jar;C:\Users\smoki\.m2\repository\org\apache\maven\maven-artifact-manager\2.0.2\maven-artifact-manager-2.0.2.jar;C:\Users\smoki\.m2\repository\org\codehaus\plexus\plexus-container-default\1.0-alpha-9\plexus-container-default-1.0-alpha-9.jar;C:\Users\smoki\.m2\repository\classworlds\classworlds\1.1-alpha-2\classworlds-1.1-alpha-2.jar;C:\Users\smoki\.m2\repository\org\apache\maven\reporting\maven-reporting-api\3.0\maven-reporting-api-3.0.jar;C:\Users\smoki\.m2\repository\org\apache\maven\doxia\doxia-sink-api\1.0\doxia-sink-api-1.0.jar;C:\Users\smoki\.m2\repository\org\jacoco\org.jacoco.agent\0.8.8\org.jacoco.agent-0.8.8-runtime.jar;C:\Users\smoki\.m2\repository\org\jacoco\org.jacoco.core\0.8.8\org.jacoco.core-0.8.8.jar;C:\Users\smoki\.m2\repository\org\ow2\asm\asm\9.2\asm-9.2.jar;C:\Users\smoki\.m2\repository\org\ow2\asm\asm-commons\9.2\asm-commons-9.2.jar;C:\Users\smoki\.m2\repository\org\ow2\asm\asm-analysis\9.2\asm-analysis-9.2.jar;C:\Users\smoki\.m2\repository\org\ow2\asm\asm-tree\9.2\asm-tree-9.2.jar;C:\Users\smoki\.m2\repository\org\jacoco\org.jacoco.report\0.8.8\org.jacoco.report-0.8.8.jar;C:\Users\smoki\.m2\repository\org\kuali\maven\plugins\graph-maven-plugin\1.2.3\graph-maven-plugin-1.2.3.jar;C:\Users\smoki\.m2\repository\commons-beanutils\commons-beanutils\1.8.3\commons-beanutils-1.8.3.jar;C:\Users\smoki\.m2\repository\commons-io\commons-io\2.1\commons-io-2.1.jar;C:\Users\smoki\.m2\repository\net\sourceforge\collections\collections-generic\4.01\collections-generic-4.01.jar;C:\Users\smoki\.m2\repository\org\springframework\spring-core\3.1.0.RELEASE\spring-core-3.1.0.RELEASE.jar;C:\Users\smoki\.m2\repository\org\springframework\spring-asm\3.1.0.RELEASE\spring-asm-3.1.0.RELEASE.jar;C:\Users\smoki\.m2\repository\org\apache\maven\maven-compat\3.0.3\maven-compat-3.0.3.jar;C:\Users\smoki\.m2\repository\org\apache\maven\maven-model\3.0.3\maven-model-3.0.3.jar;C:\Users\smoki\.m2\repository\org\apache\maven\maven-model-builder\3.0.3\maven-model-builder-3.0.3.jar;C:\Users\smoki\.m2\repository\org\apache\maven\maven-settings\3.0.3\maven-settings-3.0.3.jar;C:\Users\smoki\.m2\repository\org\apache\maven\maven-artifact\3.0.3\maven-artifact-3.0.3.jar;C:\Users\smoki\.m2\repository\org\apache\maven\maven-core\3.0.3\maven-core-3.0.3.jar;C:\Users\smoki\.m2\repository\org\apache\maven\maven-settings-builder\3.0.3\maven-settings-builder-3.0.3.jar;C:\Users\smoki\.m2\repository\org\apache\maven\maven-repository-metadata\3.0.3\maven-repository-metadata-3.0.3.jar;C:\Users\smoki\.m2\repository\org\apache\maven\maven-aether-provider\3.0.3\maven-aether-provider-3.0.3.jar;C:\Users\smoki\.m2\repository\org\sonatype\aether\aether-spi\1.11\aether-spi-1.11.jar;C:\Users\smoki\.m2\repository\org\sonatype\aether\aether-impl\1.11\aether-impl-1.11.jar;C:\Users\smoki\.m2\repository\org\sonatype\aether\aether-api\1.11\aether-api-1.11.jar;C:\Users\smoki\.m2\repository\org\sonatype\aether\aether-util\1.11\aether-util-1.11.jar;C:\Users\smoki\.m2\repository\org\codehaus\plexus\plexus-classworlds\2.4\plexus-classworlds-2.4.jar;C:\Users\smoki\.m2\repository\org\sonatype\plexus\plexus-sec-dispatcher\1.3\plexus-sec-dispatcher-1.3.jar;C:\Users\smoki\.m2\repository\org\sonatype\plexus\plexus-cipher\1.4\plexus-cipher-1.4.jar;C:\Users\smoki\.m2\repository\org\codehaus\plexus\plexus-interpolation\1.14\plexus-interpolation-1.14.jar;C:\Users\smoki\.m2\repository\org\sonatype\sisu\sisu-inject-plexus\2.1.1\sisu-inject-plexus-2.1.1.jar;C:\Users\smoki\.m2\repository\org\sonatype\sisu\sisu-inject-bean\2.1.1\sisu-inject-bean-2.1.1.jar;C:\Users\smoki\.m2\repository\org\sonatype\sisu\sisu-guice\2.9.4\sisu-guice-2.9.4-no_aop.jar;C:\Users\smoki\.m2\repository\org\codehaus\plexus\plexus-component-annotations\1.5.5\plexus-component-annotations-1.5.5.jar;C:\Users\smoki\.m2\repository\org\apache\maven\wagon\wagon-provider-api\1.0-beta-7\wagon-provider-api-1.0-beta-7.jar;C:\Users\smoki\.m2\repository\org\apache\maven\shared\maven-dependency-tree\1.2\maven-dependency-tree-1.2.jar;C:\Users\smoki\.m2\repository\org\apache\maven\maven-project\2.0.8\maven-project-2.0.8.jar;C:\Users\smoki\.m2\repository\org\apache\maven\maven-profile\2.0.8\maven-profile-2.0.8.jar;C:\Users\smoki\.m2\repository\org\apache\maven\maven-plugin-registry\2.0.8\maven-plugin-registry-2.0.8.jar;C:\Users\smoki\.m2\repository\org\slf4j\jcl-over-slf4j\1.6.4\jcl-over-slf4j-1.6.4.jar;C:\Users\smoki\.m2\repository\org\slf4j\slf4j-log4j12\1.6.4\slf4j-log4j12-1.6.4.jar;C:\Users\smoki\.m2\repository\log4j\log4j\1.2.16\log4j-1.2.16.jar;"/>
    <property name="sun.cpu.endian" value="little"/>
    <property name="user.home" value="C:\Users\smoki"/>
    <property name="user.language" value="es"/>
    <property name="java.specification.vendor" value="Oracle Corporation"/>
    <property name="java.version.date" value="2022-01-18"/>
    <property name="java.home" value="C:\jdk-17.0.2"/>
    <property name="file.separator" value="\"/>
    <property name="basedir" value="C:\Users\smoki\Desktop\cosas\cosas\cosas\4ª\lab\Practica-7-Lab"/>
    <property name="java.vm.compressedOopsMode" value="Zero based"/>
    <property name="line.separator" value="&#10;"/>
    <property name="java.vm.specification.vendor" value="Oracle Corporation"/>
    <property name="java.specification.name" value="Java Platform API Specification"/>
    <property name="surefire.real.class.path" value="C:\Users\smoki\AppData\Local\Temp\surefire2379665457230899840\surefirebooter1809908571530873160.jar"/>
    <property name="user.script" value=""/>
    <property name="sun.management.compiler" value="HotSpot 64-Bit Tiered Compilers"/>
    <property name="java.runtime.version" value="17.0.2+8-86"/>
    <property name="user.name" value="smoki"/>
    <property name="sonar" value="true"/>
    <property name="path.separator" value=";"/>
    <property name="os.version" value="10.0"/>
    <property name="java.runtime.name" value="OpenJDK Runtime Environment"/>
    <property name="file.encoding" value="Cp1252"/>
    <property name="java.vm.name" value="OpenJDK 64-Bit Server VM"/>
    <property name="localRepository" value="C:\Users\smoki\.m2\repository"/>
    <property name="java.vendor.url.bug" value="https://bugreport.java.com/bugreport/"/>
    <property name="java.io.tmpdir" value="C:\Users\smoki\AppData\Local\Temp\"/>
    <property name="java.version" value="17.0.2"/>
    <property name="user.dir" value="C:\Users\smoki\Desktop\cosas\cosas\cosas\4ª\lab\Practica-7-Lab"/>
    <property name="os.arch" value="amd64"/>
    <property name="java.vm.specification.name" value="Java Virtual Machine Specification"/>
    <property name="sun.os.patch.level" value=""/>
    <property name="native.encoding" value="Cp1252"/>
    <property name="java.library.path" value="C:\jdk-17.0.2\bin;C:\WINDOWS\Sun\Java\bin;C:\WINDOWS\system32;C:\WINDOWS;C:\Program Files\Apache\Maven\bin;C:\jdk-17.0.12\bin;C:\Users\smoki\AppData\Local\Programs\MiKTeX\miktex\bin;C:\WINDOWS\system32;C:\WINDOWS;C:\WINDOWS\System32\Wbem;C:\WINDOWS\System32\WindowsPowerShell\v1.0\;C:\WINDOWS\System32\OpenSSH\;C:\Program Files\dotnet\;C:\Program Files\Graphviz\bin;C:\Program Files\doxygen\bin;C:\Program Files\Git\cmd;C:\jdk-17.0.12\bin;C:\Sonar\sonar-scanner-6.2.1.4610-windows-x64\bin;C:\Users\smoki\AppData\Local\Microsoft\WindowsApps;C:\Users\smoki\AppData\Local\Programs\Microsoft VS Code\bin;C:\Users\smoki\.dotnet\tools;C:\Program Files\JetBrains\IntelliJ IDEA Community Edition 2024.2.3\bin;;C:\Users\smoki\AppData\Local\Programs\MiKTeX\miktex\bin\x64\;C:\Users\smoki\AppData\Local\GitHubDesktop\bin;C:\iverilog\bin;C:\iverilog\gtkwave\bin;."/>
    <property name="java.vm.info" value="mixed mode, sharing"/>
    <property name="java.vendor" value="Oracle Corporation"/>
    <property name="java.vm.version" value="17.0.2+8-86"/>
    <property name="sun.io.unicode.encoding" value="UnicodeLittle"/>
    <property name="java.class.version" value="61.0"/>
  </properties>
  <testcase name="testAddAndRemovePassengerMultipleTimes" classname="es.ull.flights.FlightTest" time="0.011"/>
  <testcase name="testAddDuplicatePassenger" classname="es.ull.flights.FlightTest" time="0"/>
  <testcase name="testAddPassenger" classname="es.ull.flights.FlightTest" time="0"/>
  <testcase name="testExceedingCapacity" classname="es.ull.flights.FlightTest" time="0.002"/>
  <testcase name="testFillFlightToCapacity" classname="es.ull.flights.FlightTest" time="0"/>
  <testcase name="testFlightWithNoPassengers" classname="es.ull.flights.FlightTest" time="0"/>
  <testcase name="testInvalidFlightNumber" classname="es.ull.flights.FlightTest" time="0.001"/>
  <testcase name="testRemoveNonexistentPassenger" classname="es.ull.flights.FlightTest" time="0"/>
  <testcase name="testRemovePassenger" classname="es.ull.flights.FlightTest" time="0"/>
  <testcase name="testRemovePassengerFromEmptyFlight" classname="es.ull.flights.FlightTest" time="0.001"/>
  <testcase name="testValidFlightNumber" classname="es.ull.flights.FlightTest" time="0.001"/>
  <testcase name="testCannotJoinFullFlight" classname="es.ull.passengers.PassengerTest" time="0"/>
  <testcase name="testCannotJoinRejectedFlight" classname="es.ull.passengers.PassengerTest" time="0.001"/>
  <testcase name="testCannotLeavePreviousFlight" classname="es.ull.passengers.PassengerTest" time="0.001"/>
  <testcase name="testInvalidCountryCode" classname="es.ull.passengers.PassengerTest" time="0.001"/>
  <testcase name="testJoinFlight" classname="es.ull.passengers.PassengerTest" time="0"/>
  <testcase name="testLeaveFlight" classname="es.ull.passengers.PassengerTest" time="0.001"/>
  <testcase name="testRejoinSameFlight" classname="es.ull.passengers.PassengerTest" time="0"/>
  <testcase name="testSwitchFlights" classname="es.ull.passengers.PassengerTest" time="0"/>
  <testcase name="testToString" classname="es.ull.passengers.PassengerTest" time="0"/>
  <testcase name="testValidPassengerCreation" classname="es.ull.passengers.PassengerTest" time="0"/>
</testsuite>