<?xml version="1.0" encoding="UTF-8"?>
<!-- Generated by org.testng.reporters.JUnitReportReporter -->
<testsuite hostname="Administrator" failures="0" tests="10" name="es.ull.passengers.PassengerTest" time="0.005" errors="0" timestamp="2024-12-10T20:23:44 WET" skipped="0">
  <testcase classname="es.ull.passengers.PassengerTest" name="testCannotJoinFullFlight" time="0.001"/>
  <testcase classname="es.ull.passengers.PassengerTest" name="testValidPassengerCreation" time="0.000"/>
  <testcase classname="es.ull.passengers.PassengerTest" name="testToString" time="0.000"/>
  <testcase classname="es.ull.passengers.PassengerTest" name="testInvalidCountryCode" time="0.001"/>
  <testcase classname="es.ull.passengers.PassengerTest" name="testSwitchFlights" time="0.000"/>
  <testcase classname="es.ull.passengers.PassengerTest" name="testCannotLeavePreviousFlight" time="0.001"/>
  <testcase classname="es.ull.passengers.PassengerTest" name="testCannotJoinRejectedFlight" time="0.001"/>
  <testcase classname="es.ull.passengers.PassengerTest" name="testRejoinSameFlight" time="0.000"/>
  <testcase classname="es.ull.passengers.PassengerTest" name="testLeaveFlight" time="0.001"/>
  <testcase classname="es.ull.passengers.PassengerTest" name="testJoinFlight" time="0.000"/>
</testsuite> <!-- es.ull.passengers.PassengerTest -->
