<?xml version="1.0" encoding="UTF-8"?>
<!-- Generated by org.testng.reporters.JUnitReportReporter -->
<testsuite hostname="Administrator" failures="0" tests="11" name="es.ull.flights.FlightTest" time="0.018" errors="0" timestamp="2024-12-10T21:14:32 WET" skipped="0">
  <testcase classname="es.ull.flights.FlightTest" name="testRemovePassenger" time="0.000"/>
  <testcase classname="es.ull.flights.FlightTest" name="testAddAndRemovePassengerMultipleTimes" time="0.012"/>
  <testcase classname="es.ull.flights.FlightTest" name="testValidFlightNumber" time="0.001"/>
  <testcase classname="es.ull.flights.FlightTest" name="testExceedingCapacity" time="0.002"/>
  <testcase classname="es.ull.flights.FlightTest" name="testAddPassenger" time="0.000"/>
  <testcase classname="es.ull.flights.FlightTest" name="testRemoveNonexistentPassenger" time="0.000"/>
  <testcase classname="es.ull.flights.FlightTest" name="testFlightWithNoPassengers" time="0.001"/>
  <testcase classname="es.ull.flights.FlightTest" name="testRemovePassengerFromEmptyFlight" time="0.000"/>
  <testcase classname="es.ull.flights.FlightTest" name="testInvalidFlightNumber" time="0.001"/>
  <testcase classname="es.ull.flights.FlightTest" name="testFillFlightToCapacity" time="0.000"/>
  <testcase classname="es.ull.flights.FlightTest" name="testAddDuplicatePassenger" time="0.001"/>
</testsuite> <!-- es.ull.flights.FlightTest -->
